TN:
SF:/Users/bjdelro/Desktop/deployBeta/MD_quiz/server/server.js
FN:45,(anonymous_1)
FN:51,(anonymous_2)
FN:55,(anonymous_3)
FNF:3
FNH:0
FNDA:0,(anonymous_1)
FNDA:0,(anonymous_2)
FNDA:0,(anonymous_3)
DA:1,1
DA:2,1
DA:3,1
DA:4,1
DA:5,1
DA:6,1
DA:7,1
DA:8,1
DA:9,1
DA:10,1
DA:12,1
DA:13,1
DA:15,1
DA:16,1
DA:17,1
DA:23,1
DA:24,0
DA:33,1
DA:41,0
DA:45,1
DA:46,0
DA:47,0
DA:51,1
DA:55,1
DA:56,0
DA:60,1
DA:61,0
DA:64,1
DA:66,1
DA:67,1
DA:69,1
DA:71,1
LF:32
LH:26
BRDA:12,1,0,1
BRDA:12,1,1,1
BRF:2
BRH:2
end_of_record
TN:
SF:/Users/bjdelro/Desktop/deployBeta/MD_quiz/server/controllers/loginCheck.js
FN:8,(anonymous_1)
FN:35,(anonymous_2)
FN:45,(anonymous_3)
FN:56,(anonymous_4)
FNF:4
FNH:1
FNDA:1,(anonymous_1)
FNDA:0,(anonymous_2)
FNDA:0,(anonymous_3)
FNDA:0,(anonymous_4)
DA:2,1
DA:3,1
DA:4,1
DA:5,1
DA:7,1
DA:9,1
DA:13,1
DA:14,1
DA:15,0
DA:16,0
DA:17,0
DA:19,0
DA:22,1
DA:23,0
DA:24,0
DA:25,0
DA:26,0
DA:27,0
DA:29,1
DA:30,1
DA:36,0
DA:40,0
DA:41,0
DA:46,0
DA:50,0
DA:51,0
DA:52,0
DA:57,0
DA:59,0
DA:60,0
DA:61,0
DA:62,0
DA:63,0
DA:65,0
DA:67,0
DA:68,0
DA:69,0
DA:71,0
DA:72,0
DA:77,1
LF:40
LH:12
BRDA:14,1,0,0
BRDA:14,1,1,1
BRDA:14,2,0,1
BRDA:14,2,1,0
BRDA:15,3,0,0
BRDA:15,3,1,0
BRDA:22,4,0,0
BRDA:22,4,1,1
BRDA:22,5,0,1
BRDA:22,5,1,0
BRF:10
BRH:4
end_of_record
TN:
SF:/Users/bjdelro/Desktop/deployBeta/MD_quiz/server/Users/UserModel.js
FN:16,(anonymous_1)
FNF:1
FNH:0
FNDA:0,(anonymous_1)
DA:1,1
DA:2,1
DA:3,1
DA:4,1
DA:6,1
DA:17,0
DA:18,0
DA:19,0
DA:27,1
LF:9
LH:6
BRF:0
BRH:0
end_of_record
TN:
SF:/Users/bjdelro/Desktop/deployBeta/MD_quiz/server/DB/Database.js
FN:5,(anonymous_1)
FN:8,(anonymous_2)
FNF:2
FNH:1
FNDA:1,(anonymous_1)
FNDA:0,(anonymous_2)
DA:1,1
DA:2,1
DA:3,1
DA:4,1
DA:6,1
DA:9,0
DA:12,1
LF:7
LH:6
BRF:0
BRH:0
end_of_record
TN:
SF:/Users/bjdelro/Desktop/deployBeta/MD_quiz/privateKeys.js
FNF:0
FNH:0
DA:1,1
LF:1
LH:1
BRF:0
BRH:0
end_of_record
TN:
SF:/Users/bjdelro/Desktop/deployBeta/MD_quiz/server/Questions/dailyQuestionsModel.js
FNF:0
FNH:0
DA:1,1
DA:2,1
DA:4,1
DA:19,1
LF:4
LH:4
BRF:0
BRH:0
end_of_record
TN:
SF:/Users/bjdelro/Desktop/deployBeta/MD_quiz/server/Questions/QuestionsModel.js
FNF:0
FNH:0
DA:1,1
DA:2,1
DA:4,1
DA:19,1
LF:4
LH:4
BRF:0
BRH:0
end_of_record
TN:
SF:/Users/bjdelro/Desktop/deployBeta/MD_quiz/server/controllers/userResponseController.js
FN:6,(anonymous_1)
FNF:1
FNH:0
FNDA:0,(anonymous_1)
DA:2,1
DA:4,1
DA:6,1
DA:7,0
DA:8,0
DA:12,0
DA:13,0
DA:14,0
DA:15,0
DA:17,0
DA:22,1
LF:11
LH:4
BRDA:7,1,0,0
BRDA:7,1,1,0
BRDA:14,2,0,0
BRDA:14,2,1,0
BRF:4
BRH:0
end_of_record
TN:
SF:/Users/bjdelro/Desktop/deployBeta/MD_quiz/server/UserResponse/UserResponseModel.js
FNF:0
FNH:0
DA:1,1
DA:2,1
DA:4,1
DA:13,1
LF:4
LH:4
BRF:0
BRH:0
end_of_record
TN:
SF:/Users/bjdelro/Desktop/deployBeta/MD_quiz/server/controllers/changePassword.js
FN:5,(anonymous_1)
FNF:1
FNH:0
FNDA:0,(anonymous_1)
DA:1,1
DA:3,1
DA:6,0
DA:7,0
DA:8,0
DA:12,0
DA:13,0
DA:15,0
DA:16,0
DA:22,1
LF:10
LH:3
BRDA:12,1,0,0
BRDA:12,1,1,0
BRF:2
BRH:0
end_of_record
TN:
SF:/Users/bjdelro/Desktop/deployBeta/MD_quiz/server/controllers/quizTakenController.js
FN:6,(anonymous_1)
FN:9,(anonymous_2)
FN:14,(anonymous_3)
FN:26,(anonymous_4)
FN:27,(anonymous_5)
FNF:5
FNH:0
FNDA:0,(anonymous_1)
FNDA:0,(anonymous_2)
FNDA:0,(anonymous_3)
FNDA:0,(anonymous_4)
FNDA:0,(anonymous_5)
DA:1,1
DA:2,1
DA:4,1
DA:7,0
DA:8,0
DA:9,0
DA:10,0
DA:12,0
DA:15,0
DA:16,0
DA:17,0
DA:18,0
DA:20,0
DA:22,0
DA:27,0
DA:28,0
DA:29,0
DA:31,0
DA:33,0
LF:19
LH:3
BRDA:15,1,0,0
BRDA:15,1,1,0
BRDA:17,2,0,0
BRDA:17,2,1,0
BRDA:28,3,0,0
BRDA:28,3,1,0
BRF:6
BRH:0
end_of_record
TN:
SF:/Users/bjdelro/Desktop/deployBeta/MD_quiz/server/cronJob.js
FN:9,removeAndInsertIntoDailyQuestions
FN:26,update
FN:33,forLoop
FN:45,getRandomQ
FN:57,setAvaiableToTrue
FN:59,(anonymous_6)
FN:64,setAvaiableToFalse
FN:66,(anonymous_8)
FN:71,runJob
FNF:9
FNH:1
FNDA:0,removeAndInsertIntoDailyQuestions
FNDA:0,update
FNDA:0,forLoop
FNDA:0,getRandomQ
FNDA:0,setAvaiableToTrue
FNDA:0,(anonymous_6)
FNDA:0,setAvaiableToFalse
FNDA:0,(anonymous_8)
FNDA:1,runJob
DA:2,1
DA:3,1
DA:4,1
DA:5,1
DA:6,1
DA:9,1
DA:10,0
DA:11,0
DA:12,0
DA:16,0
DA:17,0
DA:18,0
DA:20,0
DA:21,0
DA:26,1
DA:27,0
DA:30,0
DA:33,1
DA:34,0
DA:35,0
DA:36,0
DA:37,0
DA:38,0
DA:40,0
DA:41,0
DA:45,1
DA:46,0
DA:47,0
DA:49,0
DA:50,0
DA:51,0
DA:52,0
DA:57,1
DA:58,0
DA:60,0
DA:64,1
DA:65,0
DA:67,0
DA:71,1
DA:84,1
DA:87,0
DA:88,0
DA:94,1
DA:97,0
DA:99,0
DA:105,1
DA:108,0
DA:110,0
DA:116,1
LF:49
LH:16
BRF:0
BRH:0
end_of_record
